日志文件: ./logs/run_20260515_140851.log
开始时间: Fri May 15 14:08:51 CST 2026
[32m run ...[0m
 ... PROGRAM Start!...
 MPI will create           11  processes.
 OpenMP will create            5  threads.
============================================================================================
     CDFT skipped.
     Nucleus                                 :   Ca   40
     Number of oscillator shells (N0F)       :    8
     Oscillator parameter b0 (fm)            :   use the empirical formula
     Oscillator parameter beta0              :     0.000
     Force Parameter                         :   PC-PK1    
     Pairing strength for delta force        :   314.550 (neutrons)  346.500 (protons)
     Deformation constraint                  :   beta2 + beta3
     Deformation constraint number           :     11

     1DAMP  +  PNP  +  PP   :
     Number of euler angles                  :    1 (nalpha),  12 (nbeta),   1 (ngamma)
     Symmetry of euler angles                :   Axially
     Number gauge angles                     :    5 (nphi)
     Kernels                                 :   Upper triangular kernels
     Quadratic constraint q1 range           :   [  1, 11 ]
     Quadratic constraint q2 range           :   [  1, 11 ]
     Maximal J value                         :     0
     Check N2 and J2                         :   Yes
     Calculate density ME                    :   No
     Calculate reduced transition density ME :   No
     Calculate eccentricity kernel           :   No

     GCM:
     Mmax                                    :   8
     Zeta                                    :  0.10E-03 0.10E-03 0.10E-03 0.10E-03 0.10E-03
==========================================================================================
 Proj_Main: Start Proj calculations
     (q1,q2)=(  1,  9) >>>>>>>>>>
     (q1,q2)=(  1, 11) >>>>>>>>>>
     (q1,q2)=(  1, 10) >>>>>>>>>>
     (q1,q2)=(  1,  7) >>>>>>>>>>
     (q1,q2)=(  1,  8) >>>>>>>>>>
     (q1,q2)=(  1,  5) >>>>>>>>>>
     (q1,q2)=(  1,  4) >>>>>>>>>>
     (q1,q2)=(  1,  3) >>>>>>>>>>
     (q1,q2)=(  1,  2) >>>>>>>>>>
     (q1,q2)=(  1,  6) >>>>>>>>>>
     (q1,q2)=(  1,  1) >>>>>>>>>>
     alpha:  1/1  beta:  1/12 gamma:  1/1  calculate_overlaps_after_PNP_at_Euler_angles ...
     alpha:  1/1  beta:  2/12 gamma:  1/1  calculate_overlaps_after_PNP_at_Euler_angles ...
     alpha:  1/1  beta:  3/12 gamma:  1/1  calculate_overlaps_after_PNP_at_Euler_angles ...
     alpha:  1/1  beta:  4/12 gamma:  1/1  calculate_overlaps_after_PNP_at_Euler_angles ...
     alpha:  1/1  beta:  5/12 gamma:  1/1  calculate_overlaps_after_PNP_at_Euler_angles ...
     alpha:  1/1  beta:  6/12 gamma:  1/1  calculate_overlaps_after_PNP_at_Euler_angles ...
