日志文件: ./logs/run_20260515_173002.log
开始时间: Fri May 15 17:30:02 CST 2026
[32m run ...[0m
 ... PROGRAM Start!...
 MPI will create           11  processes.
 OpenMP will create            5  threads.
============================================================================================
     CDFT skipped.
     Nucleus                                 :   Ca   40
     Number of oscillator shells (N0F)       :    8
     Oscillator parameter b0 (fm)            :   use the empirical formula
     Oscillator parameter beta0              :     0.000
     Force Parameter                         :   PC-PK1    
     Pairing strength for delta force        :   314.550 (neutrons)  346.500 (protons)
     Deformation constraint                  :   beta2 + beta3
     Deformation constraint number           :     11

     Projection skipped.
     Number of euler angles                  :    1 (nalpha),  12 (nbeta),   1 (ngamma)
     Symmetry of euler angles                :   Axially
     Number gauge angles                     :    5 (nphi)
     Kernels                                 :   Upper triangular kernels
     Quadratic constraint q1 range           :   [  1, 11 ]
     Quadratic constraint q2 range           :   [  1, 11 ]
     Maximal J value                         :     0
     Check N2 and J2                         :   Yes
     Calculate density ME                    :   No
     Calculate reduced transition density ME :   No
     Calculate eccentricity kernel           :   No

     GCM:
     Mmax                                    :   8
     Zeta                                    :  0.10E-03 0.10E-03 0.10E-03 0.10E-03 0.10E-03
==========================================================================================
 GCM_Main: Start Proj calculations
     Reading kernels for GCM calculations...
At line 126 of file /home/xizhang/MRCDFT/src/GCM_inout.f90 (unit = 1021)
Fortran runtime error: Cannot open file './output/Proj_40Ca_kern.1D_eMax08.05.12-050+001_-050+001.elem': No such file or directory

Error termination. Backtrace:
#0  0x2b127fc73dfd in ???
#1  0x2b127fc74995 in ???
#2  0x2b127fc7517d in ???
#3  0x2b127fe74e28 in ???
#4  0x2b127fe75124 in ???
#5  0x444cf4 in ???
#6  0x4473c9 in ???
#7  0x4c0432 in ???
#8  0x40296c in ???
#9  0x2b1280845554 in ???
#10  0x40299c in ???
#11  0xffffffffffffffff in ???

===================================================================================
=   BAD TERMINATION OF ONE OF YOUR APPLICATION PROCESSES
=   RANK 1 PID 24828 RUNNING AT mgt
=   KILLED BY SIGNAL: 9 (Killed)
===================================================================================

===================================================================================
=   BAD TERMINATION OF ONE OF YOUR APPLICATION PROCESSES
=   RANK 2 PID 24829 RUNNING AT mgt
=   KILLED BY SIGNAL: 9 (Killed)
===================================================================================

===================================================================================
=   BAD TERMINATION OF ONE OF YOUR APPLICATION PROCESSES
=   RANK 3 PID 24830 RUNNING AT mgt
=   KILLED BY SIGNAL: 9 (Killed)
===================================================================================

===================================================================================
=   BAD TERMINATION OF ONE OF YOUR APPLICATION PROCESSES
=   RANK 4 PID 24831 RUNNING AT mgt
=   KILLED BY SIGNAL: 9 (Killed)
===================================================================================

===================================================================================
=   BAD TERMINATION OF ONE OF YOUR APPLICATION PROCESSES
=   RANK 5 PID 24832 RUNNING AT mgt
=   KILLED BY SIGNAL: 9 (Killed)
===================================================================================

===================================================================================
=   BAD TERMINATION OF ONE OF YOUR APPLICATION PROCESSES
=   RANK 6 PID 24833 RUNNING AT mgt
=   KILLED BY SIGNAL: 9 (Killed)
===================================================================================

===================================================================================
=   BAD TERMINATION OF ONE OF YOUR APPLICATION PROCESSES
=   RANK 7 PID 24834 RUNNING AT mgt
=   KILLED BY SIGNAL: 9 (Killed)
===================================================================================

===================================================================================
=   BAD TERMINATION OF ONE OF YOUR APPLICATION PROCESSES
=   RANK 8 PID 24835 RUNNING AT mgt
=   KILLED BY SIGNAL: 9 (Killed)
===================================================================================

===================================================================================
=   BAD TERMINATION OF ONE OF YOUR APPLICATION PROCESSES
=   RANK 9 PID 24836 RUNNING AT mgt
=   KILLED BY SIGNAL: 9 (Killed)
===================================================================================

===================================================================================
=   BAD TERMINATION OF ONE OF YOUR APPLICATION PROCESSES
=   RANK 10 PID 24837 RUNNING AT mgt
=   KILLED BY SIGNAL: 9 (Killed)
===================================================================================
calculation is finished !
Time cost : 0min1s
Done!
