日志文件: /home/xizhang/MRCDFT/examples/40Casacopy-1.1/logs/run_20260610_093920.log
开始时间: Wed Jun 10 09:39:20 CST 2026
[32m run ...[0m
 ... PROGRAM Start!...
 MPI will create           11  processes.
 OpenMP will create            5  threads.
============================================================================================
     Solve Dirac (BCS) Equation :
     Nucleus                                 :   Ca   40
     Number of oscillator shells (N0F)       :   10
     Oscillator parameter b0 (fm)            :   use the empirical formula
     Oscillator parameter beta0              :     0.000
     Force Parameter                         :   PC-PK1    
     Pairing strength for delta force        :   314.550 (neutrons)  346.500 (protons)
     Deformation constraint                  :   beta2 + beta3
     Deformation constraint number           :      5

     Projection skipped.
     Number of euler angles                  :    1 (nalpha),  12 (nbeta),   1 (ngamma)
     Symmetry of euler angles                :   Axially
     Number gauge angles                     :    5 (nphi)
     Kernels                                 :   Upper triangular kernels
     Quadratic constraint q1 range           :   [  1,  5 ]
     Quadratic constraint q2 range           :   [  1,  5 ]
     Maximal J value                         :     0
     Check N2 and J2                         :   Yes
     Calculate density ME                    :   No
     Calculate reduced transition density ME :   No
     Calculate eccentricity kernel           :   No

     GCM:
     Mmax                                    :   0
     Zeta                                    :  0.10E-03 0.10E-03 0.10E-03 0.10E-03 0.10E-03
==========================================================================================
 CDFT_Main: Start CDFT calculations
     Constraint:    4/5   beta2= -0.20   beat3=  0.01
     Constraint:    2/5   beta2= -0.50   beat3=  0.01
     Constraint:    1/5   beta2= -0.40   beat3=  0.01
     Constraint:    5/5   beta2= -0.10   beat3=  0.01
     Constraint:    3/5   beta2= -0.30   beat3=  0.01
     Iteration converged after  53 steps, si =   0.00004599,  beta2 =-0.300,  beta3 = 0.010,   3/5   
     Iteration converged after  55 steps, si =   0.00006550,  beta2 =-0.200,  beta3 = 0.010,   4/5   
     Iteration converged after  54 steps, si =   0.00009261,  beta2 =-0.100,  beta3 = 0.010,   5/5   
     Iteration converged after  68 steps, si =   0.00006125,  beta2 =-0.400,  beta3 = 0.010,   1/5   
     Iteration converged after  81 steps, si =   0.00009598,  beta2 =-0.500,  beta3 = 0.010,   2/5   
 1E-cm=  -8.9913545450045635     
 1E-cm=  -8.9913545450045635     
 1E-cm=  -8.9913545450045635     
 1E-cm=  -8.9913545450045635     
 2E-cm=  -8.4691146452905706     
 2E-cm=  -8.1370873893343365     
 2E-cm=  -8.1158982147385359     
 1E-cm=  -8.9913545450045635     
 2E-cm=  -8.6183701800733772     
 2E-cm=  -8.3538745117434878     
 CDFT_Main: CDFT calculations completed
 GCM_Main: Start Proj calculations
     Reading kernels for GCM calculations...
At line 126 of file /home/xizhang/MRCDFT/src/GCM_inout.f90 (unit = 1021)
Fortran runtime error: Cannot open file './output/Proj_40Ca_kern.1D_eMax10.05.12-040+001_-040+001.elem': No such file or directory

Error termination. Backtrace:
#0  0x2ac701b09dfd in ???
#1  0x2ac701b0a995 in ???
#2  0x2ac701b0b17d in ???
#3  0x2ac701d0ae28 in ???
#4  0x2ac701d0b124 in ???
#5  0x444f64 in ???
#6  0x447639 in ???
#7  0x4c06a2 in ???
#8  0x40296c in ???
#9  0x2ac7026db554 in ???
#10  0x40299c in ???
#11  0xffffffffffffffff in ???

===================================================================================
=   BAD TERMINATION OF ONE OF YOUR APPLICATION PROCESSES
=   RANK 1 PID 127151 RUNNING AT cn2
=   KILLED BY SIGNAL: 9 (Killed)
===================================================================================

===================================================================================
=   BAD TERMINATION OF ONE OF YOUR APPLICATION PROCESSES
=   RANK 2 PID 127152 RUNNING AT cn2
=   KILLED BY SIGNAL: 9 (Killed)
===================================================================================

===================================================================================
=   BAD TERMINATION OF ONE OF YOUR APPLICATION PROCESSES
=   RANK 3 PID 127153 RUNNING AT cn2
=   KILLED BY SIGNAL: 9 (Killed)
===================================================================================

===================================================================================
=   BAD TERMINATION OF ONE OF YOUR APPLICATION PROCESSES
=   RANK 4 PID 127154 RUNNING AT cn2
=   KILLED BY SIGNAL: 9 (Killed)
===================================================================================

===================================================================================
=   BAD TERMINATION OF ONE OF YOUR APPLICATION PROCESSES
=   RANK 5 PID 127155 RUNNING AT cn2
=   KILLED BY SIGNAL: 9 (Killed)
===================================================================================

===================================================================================
=   BAD TERMINATION OF ONE OF YOUR APPLICATION PROCESSES
=   RANK 6 PID 127156 RUNNING AT cn2
=   KILLED BY SIGNAL: 9 (Killed)
===================================================================================

===================================================================================
=   BAD TERMINATION OF ONE OF YOUR APPLICATION PROCESSES
=   RANK 7 PID 127157 RUNNING AT cn2
=   KILLED BY SIGNAL: 9 (Killed)
===================================================================================

===================================================================================
=   BAD TERMINATION OF ONE OF YOUR APPLICATION PROCESSES
=   RANK 8 PID 127158 RUNNING AT cn2
=   KILLED BY SIGNAL: 9 (Killed)
===================================================================================

===================================================================================
=   BAD TERMINATION OF ONE OF YOUR APPLICATION PROCESSES
=   RANK 9 PID 127159 RUNNING AT cn2
=   KILLED BY SIGNAL: 9 (Killed)
===================================================================================

===================================================================================
=   BAD TERMINATION OF ONE OF YOUR APPLICATION PROCESSES
=   RANK 10 PID 127160 RUNNING AT cn2
=   KILLED BY SIGNAL: 9 (Killed)
===================================================================================
calculation is finished !
Time cost : 1min0s
Done!
