日志文件: /home/xizhang/MRCDFT/examples/40Casacopy-1.1/logs/run_20260610_081936.log
开始时间: Wed Jun 10 08:19:36 CST 2026
[32m run ...[0m
 ... PROGRAM Start!...
 MPI will create           15  processes.
 OpenMP will create            5  threads.
 Info: Creating directory: ./output/
 Info: Creating directory: ./output/
 Info: Creating directory: ./output/
 Info: Creating directory: ./output/
 Info: Creating directory: ./output/
 Info: Creating directory: ./output/
 Info: Creating directory: ./output/
 Info: Creating directory: ./output/
 Info: Creating directory: ./output/
 Info: Creating directory: ./output/
 Info: Creating directory: ./output/
 Info: Creating directory: ./output/
 Info: Creating directory: ./output/
 Info: Creating directory: ./output/
 Info: Creating directory: ./output/
============================================================================================
     CDFT skipped.
     Nucleus                                 :   Ca   40
     Number of oscillator shells (N0F)       :   10
     Oscillator parameter b0 (fm)            :   use the empirical formula
     Oscillator parameter beta0              :     0.000
     Force Parameter                         :   PC-PK1    
     Pairing strength for delta force        :   314.550 (neutrons)  346.500 (protons)
     Deformation constraint                  :   beta2 + beta3
     Deformation constraint number           :      5

     Projection skipped.
     Number of euler angles                  :    1 (nalpha),  12 (nbeta),   1 (ngamma)
     Symmetry of euler angles                :   Axially
     Number gauge angles                     :    5 (nphi)
     Kernels                                 :   Upper triangular kernels
     Quadratic constraint q1 range           :   [  1,  5 ]
     Quadratic constraint q2 range           :   [  1,  5 ]
     Maximal J value                         :     0
     Check N2 and J2                         :   Yes
     Calculate density ME                    :   No
     Calculate reduced transition density ME :   No
     Calculate eccentricity kernel           :   No

     GCM:
     Mmax                                    :   0
     Zeta                                    :  0.10E-03 0.10E-03 0.10E-03 0.10E-03 0.10E-03
==========================================================================================
 GCM_Main: Start Proj calculations
     Reading kernels for GCM calculations...
At line 126 of file /home/xizhang/MRCDFT/src/GCM_inout.f90 (unit = 1021)
Fortran runtime error: Cannot open file './output/Proj_40Ca_kern.1D_eMax10.05.12-040+001_-040+001.elem': No such file or directory

Error termination. Backtrace:
#0  0x2b713a8e6dfd in ???
#1  0x2b713a8e7995 in ???
#2  0x2b713a8e817d in ???
#3  0x2b713aae7e28 in ???
#4  0x2b713aae8124 in ???
#5  0x444f64 in ???
#6  0x447639 in ???
#7  0x4c06a2 in ???
#8  0x40296c in ???
#9  0x2b713b4b8554 in ???
#10  0x40299c in ???
#11  0xffffffffffffffff in ???

===================================================================================
=   BAD TERMINATION OF ONE OF YOUR APPLICATION PROCESSES
=   RANK 1 PID 125718 RUNNING AT cn2
=   KILLED BY SIGNAL: 9 (Killed)
===================================================================================

===================================================================================
=   BAD TERMINATION OF ONE OF YOUR APPLICATION PROCESSES
=   RANK 2 PID 125719 RUNNING AT cn2
=   KILLED BY SIGNAL: 9 (Killed)
===================================================================================

===================================================================================
=   BAD TERMINATION OF ONE OF YOUR APPLICATION PROCESSES
=   RANK 3 PID 125720 RUNNING AT cn2
=   KILLED BY SIGNAL: 9 (Killed)
===================================================================================

===================================================================================
=   BAD TERMINATION OF ONE OF YOUR APPLICATION PROCESSES
=   RANK 4 PID 125721 RUNNING AT cn2
=   KILLED BY SIGNAL: 9 (Killed)
===================================================================================

===================================================================================
=   BAD TERMINATION OF ONE OF YOUR APPLICATION PROCESSES
=   RANK 5 PID 125722 RUNNING AT cn2
=   KILLED BY SIGNAL: 9 (Killed)
===================================================================================

===================================================================================
=   BAD TERMINATION OF ONE OF YOUR APPLICATION PROCESSES
=   RANK 6 PID 125723 RUNNING AT cn2
=   KILLED BY SIGNAL: 9 (Killed)
===================================================================================

===================================================================================
=   BAD TERMINATION OF ONE OF YOUR APPLICATION PROCESSES
=   RANK 7 PID 125724 RUNNING AT cn2
=   KILLED BY SIGNAL: 9 (Killed)
===================================================================================

===================================================================================
=   BAD TERMINATION OF ONE OF YOUR APPLICATION PROCESSES
=   RANK 8 PID 125725 RUNNING AT cn2
=   KILLED BY SIGNAL: 9 (Killed)
===================================================================================

===================================================================================
=   BAD TERMINATION OF ONE OF YOUR APPLICATION PROCESSES
=   RANK 9 PID 125726 RUNNING AT cn2
=   KILLED BY SIGNAL: 9 (Killed)
===================================================================================

===================================================================================
=   BAD TERMINATION OF ONE OF YOUR APPLICATION PROCESSES
=   RANK 10 PID 125727 RUNNING AT cn2
=   KILLED BY SIGNAL: 9 (Killed)
===================================================================================

===================================================================================
=   BAD TERMINATION OF ONE OF YOUR APPLICATION PROCESSES
=   RANK 11 PID 125728 RUNNING AT cn2
=   KILLED BY SIGNAL: 9 (Killed)
===================================================================================

===================================================================================
=   BAD TERMINATION OF ONE OF YOUR APPLICATION PROCESSES
=   RANK 12 PID 125729 RUNNING AT cn2
=   KILLED BY SIGNAL: 9 (Killed)
===================================================================================

===================================================================================
=   BAD TERMINATION OF ONE OF YOUR APPLICATION PROCESSES
=   RANK 13 PID 125730 RUNNING AT cn2
=   KILLED BY SIGNAL: 9 (Killed)
===================================================================================

===================================================================================
=   BAD TERMINATION OF ONE OF YOUR APPLICATION PROCESSES
=   RANK 14 PID 125731 RUNNING AT cn2
=   KILLED BY SIGNAL: 9 (Killed)
===================================================================================
calculation is finished !
Time cost : 0min1s
Done!
