日志文件: ./logs/run_20260520_105854.log
开始时间: Wed May 20 10:58:54 CST 2026
[32m run ...[0m
 ... PROGRAM Start!...
 MPI will create           11  processes.
 OpenMP will create            5  threads.
============================================================================================
     CDFT skipped.
     Nucleus                                 :   Ca   40
     Number of oscillator shells (N0F)       :    8
     Oscillator parameter b0 (fm)            :   use the empirical formula
     Oscillator parameter beta0              :     0.000
     Force Parameter                         :   PC-PK1    
     Pairing strength for delta force        :   314.550 (neutrons)  346.500 (protons)
     Deformation constraint                  :   beta2 + beta3
     Deformation constraint number           :     11

     Projection skipped.
     Number of euler angles                  :    1 (nalpha),  12 (nbeta),   1 (ngamma)
     Symmetry of euler angles                :   Axially
     Number gauge angles                     :    5 (nphi)
     Kernels                                 :   Upper triangular kernels
     Quadratic constraint q1 range           :   [  1, 11 ]
     Quadratic constraint q2 range           :   [  1, 11 ]
     Maximal J value                         :     2
     Check N2 and J2                         :   Yes
     Calculate density ME                    :   No
     Calculate reduced transition density ME :   No
     Calculate eccentricity kernel           :   No

     GCM:
     Mmax                                    :   0
     Zeta                                    :  0.10E-03 0.10E-03 0.10E-03 0.10E-03 0.10E-03
==========================================================================================
 GCM_Main: Start Proj calculations
     Reading kernels for GCM calculations...
At line 126 of file /home/xizhang/MRCDFT/src/GCM_inout.f90 (unit = 1021)
Fortran runtime error: Cannot open file './output/Proj_40Ca_kern.1D_eMax08.05.12+000+001_-010+001.elem': No such file or directory

Error termination. Backtrace:
#0  0x2b2c94fc8dfd in ???
#1  0x2b2c94fc9995 in ???
#2  0x2b2c94fca17d in ???
#3  0x2b2c951c9e28 in ???
#4  0x2b2c951ca124 in ???
#5  0x444cf4 in ???
#6  0x4473c9 in ???
#7  0x4c0432 in ???
#8  0x40296c in ???
#9  0x2b2c95b9a554 in ???
#10  0x40299c in ???
#11  0xffffffffffffffff in ???

===================================================================================
=   BAD TERMINATION OF ONE OF YOUR APPLICATION PROCESSES
=   RANK 1 PID 626 RUNNING AT mgt
=   KILLED BY SIGNAL: 9 (Killed)
===================================================================================

===================================================================================
=   BAD TERMINATION OF ONE OF YOUR APPLICATION PROCESSES
=   RANK 2 PID 627 RUNNING AT mgt
=   KILLED BY SIGNAL: 9 (Killed)
===================================================================================

===================================================================================
=   BAD TERMINATION OF ONE OF YOUR APPLICATION PROCESSES
=   RANK 3 PID 632 RUNNING AT mgt
=   KILLED BY SIGNAL: 9 (Killed)
===================================================================================

===================================================================================
=   BAD TERMINATION OF ONE OF YOUR APPLICATION PROCESSES
=   RANK 4 PID 633 RUNNING AT mgt
=   KILLED BY SIGNAL: 9 (Killed)
===================================================================================

===================================================================================
=   BAD TERMINATION OF ONE OF YOUR APPLICATION PROCESSES
=   RANK 5 PID 634 RUNNING AT mgt
=   KILLED BY SIGNAL: 9 (Killed)
===================================================================================

===================================================================================
=   BAD TERMINATION OF ONE OF YOUR APPLICATION PROCESSES
=   RANK 6 PID 635 RUNNING AT mgt
=   KILLED BY SIGNAL: 9 (Killed)
===================================================================================

===================================================================================
=   BAD TERMINATION OF ONE OF YOUR APPLICATION PROCESSES
=   RANK 7 PID 636 RUNNING AT mgt
=   KILLED BY SIGNAL: 9 (Killed)
===================================================================================

===================================================================================
=   BAD TERMINATION OF ONE OF YOUR APPLICATION PROCESSES
=   RANK 8 PID 637 RUNNING AT mgt
=   KILLED BY SIGNAL: 9 (Killed)
===================================================================================

===================================================================================
=   BAD TERMINATION OF ONE OF YOUR APPLICATION PROCESSES
=   RANK 9 PID 638 RUNNING AT mgt
=   KILLED BY SIGNAL: 9 (Killed)
===================================================================================

===================================================================================
=   BAD TERMINATION OF ONE OF YOUR APPLICATION PROCESSES
=   RANK 10 PID 639 RUNNING AT mgt
=   KILLED BY SIGNAL: 9 (Killed)
===================================================================================
calculation is finished !
Time cost : 0min1s
Done!
